<?xml version="1.0" encoding="UTF-8"?>
<!-- Generated by org.testng.reporters.JUnitReportReporter -->
<testsuite hostname="DANIEL" failures="0" tests="1" name="test.Runner" time="10.644" errors="0" timestamp="2024-04-10T09:31:39 COT" skipped="0">
  <testcase classname="test.Runner" name="buscarProductoML" time="10.644"/>
  <system-out/>
</testsuite> <!-- test.Runner -->
